Arguments: 
  /usr/local/bin/node /usr/local/Cellar/yarn/1.22.10/libexec/bin/yarn.js install

PATH: 
  /Library/Frameworks/Python.framework/Versions/3.8/bin:/usr/local/bin:/usr/bin:/bin:/usr/sbin:/sbin:/Applications/VMware Fusion.app/Contents/Public:/Library/TeX/texbin:/usr/local/go/bin:/opt/X11/bin:/Library/Apple/usr/bin:/Users/mehmetcanbudak/projects/airbnb-clone/node_modules/.bin

Yarn version: 
  1.22.10

Node version: 
  14.14.0

Platform: 
  darwin x64

Trace: 
  SyntaxError: /Users/mehmetcanbudak/projects/airbnb-clone/package.json: Unexpected token / in JSON at position 0
      at JSON.parse (<anonymous>)
      at /usr/local/Cellar/yarn/1.22.10/libexec/lib/cli.js:1625:59
      at Generator.next (<anonymous>)
      at step (/usr/local/Cellar/yarn/1.22.10/libexec/lib/cli.js:310:30)
      at /usr/local/Cellar/yarn/1.22.10/libexec/lib/cli.js:321:13

npm manifest: 
  //{
  //  "name": "airbnb-clone",
  //  "version": "1.0.0",
  //  "description": "",
  //  "main": "index.js",
  //  "scripts": {
  //    "test": "echo \"Error: no test specified\" && exit 1"
  //  },
  //  "author": "",
  //  "license": "ISC"
  //}
  
  {
    "private": true,
    "version": ["packages/*"]
  }

yarn manifest: 
  No manifest

Lockfile: 
  No lockfile
